  <param name="count_max_ip">192.168.0.252</param>
  <param name="count_max_port">2605</param>
