
  <param name="1cprog_path">C:\Program Files\1cv82\common\1cestart.exe</param>
  <param name="1cprog_version">8.2</param>
